<?xml version="1.0" encoding="UTF-8"?>
<!-- Generated by org.testng.reporters.JUnitReportReporter -->
<testsuite hostname="Hp" failures="0" tests="4" name="calctest.CalculatorTest" time="0.016" errors="0" timestamp="2024-04-12T18:37:43 IST" skipped="0">
  <testcase classname="calctest.CalculatorTest" name="testAdd" time="0.010"/>
  <testcase classname="calctest.CalculatorTest" name="testSubtract" time="0.001"/>
  <testcase classname="calctest.CalculatorTest" name="testDivide" time="0.003"/>
  <testcase classname="calctest.CalculatorTest" name="testMultiply" time="0.002"/>
</testsuite> <!-- calctest.CalculatorTest -->
